<?xml version="1.0" encoding="UTF-8"?>
<!-- Generated by org.testng.reporters.JUnitReportReporter -->
<testsuite hostname="DESKTOP-IAHHAV4" failures="0" tests="1" name="com.testscenarios.Webtable_Edit_Updates" time="10.406" errors="0" timestamp="2021-08-19T08:45:17 IST" skipped="0">
  <testcase classname="com.testscenarios.Webtable_Edit_Updates" name="f" time="10.406"/>
  <system-out/>
</testsuite> <!-- com.testscenarios.Webtable_Edit_Updates -->
