<?xml version="1.0" encoding="UTF-8"?>
<!-- Generated by org.testng.reporters.JUnitReportReporter -->
<testsuite hostname="DESKTOP-IAHHAV4" failures="0" tests="1" name="com.testscenarios.DropdownSamples" time="13.545" errors="0" timestamp="2021-08-11T22:11:20 IST" skipped="0">
  <testcase classname="com.testscenarios.DropdownSamples" name="f" time="13.545"/>
  <system-out/>
</testsuite> <!-- com.testscenarios.DropdownSamples -->
