<?xml version="1.0" encoding="UTF-8"?>
<!-- Generated by org.testng.reporters.JUnitReportReporter -->
<testsuite hostname="DESKTOP-IAHHAV4" failures="0" tests="1" name="com.testscenarios.ToyatoSample" time="35.379" errors="0" timestamp="2021-08-10T13:26:03 IST" skipped="0">
  <testcase classname="com.testscenarios.ToyatoSample" name="f" time="35.379"/>
  <system-out/>
</testsuite> <!-- com.testscenarios.ToyatoSample -->
