<?xml version="1.0" encoding="UTF-8"?>
<!-- Generated by org.testng.reporters.JUnitReportReporter -->
<testsuite hostname="DESKTOP-IAHHAV4" failures="0" tests="1" name="com.testscenarios.DragAndDrop" time="25.236" errors="0" timestamp="2021-08-10T22:11:56 IST" skipped="0">
  <testcase classname="com.testscenarios.DragAndDrop" name="f" time="25.236"/>
  <system-out/>
</testsuite> <!-- com.testscenarios.DragAndDrop -->
