<?xml version="1.0" encoding="UTF-8"?>
<!-- Generated by org.testng.reporters.JUnitReportReporter -->
<testsuite hostname="DESKTOP-IAHHAV4" failures="0" tests="1" name="com.testscenarios.FrameAlerts" time="23.783" errors="0" timestamp="2021-08-10T22:22:09 IST" skipped="0">
  <testcase classname="com.testscenarios.FrameAlerts" name="f" time="23.783"/>
  <system-out/>
</testsuite> <!-- com.testscenarios.FrameAlerts -->
