<?xml version="1.0" encoding="UTF-8"?>
<!-- Generated by org.testng.reporters.JUnitReportReporter -->
<testsuite hostname="DESKTOP-IAHHAV4" failures="0" tests="1" name="com.testscenarios.SwitchToTab" time="31.406" errors="0" timestamp="2021-08-10T21:50:42 IST" skipped="0">
  <testcase classname="com.testscenarios.SwitchToTab" name="f" time="31.406"/>
  <system-out/>
</testsuite> <!-- com.testscenarios.SwitchToTab -->
