<?xml version="1.0" encoding="UTF-8"?>
<!-- Generated by org.testng.reporters.JUnitReportReporter -->
<testsuite hostname="DESKTOP-IAHHAV4" failures="0" tests="1" name="com.testscenarios.ExplicityWaitSample" time="21.034" errors="0" timestamp="2021-08-23T20:10:14 IST" skipped="0">
  <testcase classname="com.testscenarios.ExplicityWaitSample" name="f" time="21.034"/>
  <system-out/>
</testsuite> <!-- com.testscenarios.ExplicityWaitSample -->
