<?xml version="1.0" encoding="UTF-8"?>
<!-- Generated by org.testng.reporters.JUnitReportReporter -->
<testsuite hostname="DESKTOP-IAHHAV4" failures="0" tests="1" name="com.testscenarios.FrameSampleAssignment" time="104.915" errors="0" timestamp="2021-08-09T21:52:07 IST" skipped="0">
  <testcase classname="com.testscenarios.FrameSampleAssignment" name="f" time="104.915"/>
  <system-out/>
</testsuite> <!-- com.testscenarios.FrameSampleAssignment -->
