<?xml version="1.0" encoding="UTF-8"?>
<!-- Generated by org.testng.reporters.JUnitReportReporter -->
<testsuite hostname="DESKTOP-IAHHAV4" failures="0" tests="1" name="com.testscenarios.ActionsSample" time="13.203" errors="0" timestamp="2021-08-23T17:36:55 IST" skipped="0">
  <testcase classname="com.testscenarios.ActionsSample" name="f" time="13.203"/>
  <system-out/>
</testsuite> <!-- com.testscenarios.ActionsSample -->
