<?xml version="1.0" encoding="UTF-8"?>
<!-- Generated by org.testng.reporters.JUnitReportReporter -->
<testsuite hostname="DESKTOP-IAHHAV4" failures="0" tests="1" name="com.testscenarios.WomenStorageProducts" time="11.405" errors="0" timestamp="2021-08-15T13:08:17 IST" skipped="0">
  <testcase classname="com.testscenarios.WomenStorageProducts" name="f" time="11.405"/>
  <system-out/>
</testsuite> <!-- com.testscenarios.WomenStorageProducts -->
