<?xml version="1.0" encoding="UTF-8"?>
<!-- Generated by org.testng.reporters.JUnitReportReporter -->
<testsuite hostname="DESKTOP-IAHHAV4" failures="0" tests="1" name="com.testscenarios.FacebookLogin" time="4.242" errors="0" timestamp="2021-08-04T22:16:08 IST" skipped="0">
  <testcase classname="com.testscenarios.FacebookLogin" name="fbLogin" time="4.242"/>
  <system-out/>
</testsuite> <!-- com.testscenarios.FacebookLogin -->
