<?xml version="1.0" encoding="UTF-8"?>
<!-- Generated by org.testng.reporters.JUnitReportReporter -->
<testsuite hostname="DESKTOP-IAHHAV4" failures="0" tests="1" name="com.testscenarios.AppleVacation" time="110.879" errors="0" timestamp="2021-08-23T22:24:27 IST" skipped="0">
  <testcase classname="com.testscenarios.AppleVacation" name="f" time="110.879"/>
  <system-out/>
</testsuite> <!-- com.testscenarios.AppleVacation -->
