<?xml version="1.0" encoding="UTF-8"?>
<!-- Generated by org.testng.reporters.JUnitReportReporter -->
<testsuite hostname="DESKTOP-IAHHAV4" failures="0" tests="1" name="com.testscenarios.Webtable" time="7.161" errors="0" timestamp="2021-08-22T14:35:33 IST" skipped="0">
  <testcase classname="com.testscenarios.Webtable" name="f" time="7.161"/>
  <system-out/>
</testsuite> <!-- com.testscenarios.Webtable -->
