<?xml version="1.0" encoding="UTF-8"?>
<!-- Generated by org.testng.reporters.JUnitReportReporter -->
<testsuite hostname="DESKTOP-IAHHAV4" failures="0" tests="1" name="com.testscenarios.PopupHandle_ToCloseChildWindows" time="16.660" errors="0" timestamp="2021-08-10T18:36:38 IST" skipped="0">
  <testcase classname="com.testscenarios.PopupHandle_ToCloseChildWindows" name="f" time="16.660"/>
  <system-out/>
</testsuite> <!-- com.testscenarios.PopupHandle_ToCloseChildWindows -->
